<?xml version="1.0" encoding="UTF-8"?>
<testng-results ignored="0" total="12" passed="10" failed="2" skipped="0">
  <reporter-output>
  </reporter-output>
  <suite started-at="٢٠٢٥-٠٨-١٢T٠٣:٥٣:١٨ EEST" name="Default suite" finished-at="٢٠٢٥-٠٨-١٢T٠٣:٥٣:١٩ EEST" duration-ms="198">
    <groups>
    </groups>
    <test started-at="٢٠٢٥-٠٨-١٢T٠٣:٥٣:١٨ EEST" name="Default test" finished-at="٢٠٢٥-٠٨-١٢T٠٣:٥٣:١٩ EEST" duration-ms="198">
      <class name="TestNG_HWs.UserAuthenticationTest">
        <test-method signature="testAuthenticate(java.lang.String,java.lang.String)[pri:0, instance:TestNG_HWs.UserAuthenticationTest@35d019a3]" started-at="٢٠٢٥-٠٨-١٢T٠٣:٥٣:١٨ EEST" name="testAuthenticate" data-provider="auth" finished-at="٢٠٢٥-٠٨-١٢T٠٣:٥٣:١٨ EEST" duration-ms="17" status="PASS">
          <params>
            <param index="0">
              <value>
                <![CDATA[admin]]>
              </value>
            </param>
            <param index="1">
              <value>
                <![CDATA[password123]]>
              </value>
            </param>
          </params>
          <reporter-output>
          </reporter-output>
        </test-method> <!-- testAuthenticate -->
        <test-method signature="testAuthenticate(java.lang.String,java.lang.String)[pri:0, instance:TestNG_HWs.UserAuthenticationTest@35d019a3]" started-at="٢٠٢٥-٠٨-١٢T٠٣:٥٣:١٨ EEST" name="testAuthenticate" data-provider="auth" finished-at="٢٠٢٥-٠٨-١٢T٠٣:٥٣:١٩ EEST" duration-ms="3" status="PASS">
          <params>
            <param index="0">
              <value>
                <![CDATA[momen mushtaha]]>
              </value>
            </param>
            <param index="1">
              <value>
                <![CDATA[passw]]>
              </value>
            </param>
          </params>
          <reporter-output>
          </reporter-output>
        </test-method> <!-- testAuthenticate -->
        <test-method signature="testAuthenticate(java.lang.String,java.lang.String)[pri:0, instance:TestNG_HWs.UserAuthenticationTest@35d019a3]" started-at="٢٠٢٥-٠٨-١٢T٠٣:٥٣:١٩ EEST" name="testAuthenticate" data-provider="auth" finished-at="٢٠٢٥-٠٨-١٢T٠٣:٥٣:١٩ EEST" duration-ms="3" status="PASS">
          <params>
            <param index="0">
              <value>
                <![CDATA[abood masood]]>
              </value>
            </param>
            <param index="1">
              <value>
                <![CDATA[123pass]]>
              </value>
            </param>
          </params>
          <reporter-output>
          </reporter-output>
        </test-method> <!-- testAuthenticate -->
        <test-method signature="testAuthenticate(java.lang.String,java.lang.String)[pri:0, instance:TestNG_HWs.UserAuthenticationTest@35d019a3]" started-at="٢٠٢٥-٠٨-١٢T٠٣:٥٣:١٩ EEST" name="testAuthenticate" data-provider="auth" finished-at="٢٠٢٥-٠٨-١٢T٠٣:٥٣:١٩ EEST" duration-ms="4" status="PASS">
          <params>
            <param index="0">
              <value>
                <![CDATA[muhammed siam]]>
              </value>
            </param>
            <param index="1">
              <value>
                <![CDATA[6678]]>
              </value>
            </param>
          </params>
          <reporter-output>
          </reporter-output>
        </test-method> <!-- testAuthenticate -->
        <test-method signature="testAuthenticate(java.lang.String,java.lang.String)[pri:0, instance:TestNG_HWs.UserAuthenticationTest@35d019a3]" started-at="٢٠٢٥-٠٨-١٢T٠٣:٥٣:١٩ EEST" name="testAuthenticate" data-provider="auth" finished-at="٢٠٢٥-٠٨-١٢T٠٣:٥٣:١٩ EEST" duration-ms="4" status="PASS">
          <params>
            <param index="0">
              <value>
                <![CDATA[ADMIN]]>
              </value>
            </param>
            <param index="1">
              <value>
                <![CDATA[PASSWORD123]]>
              </value>
            </param>
          </params>
          <reporter-output>
          </reporter-output>
        </test-method> <!-- testAuthenticate -->
        <test-method signature="testAuthenticate(java.lang.String,java.lang.String)[pri:0, instance:TestNG_HWs.UserAuthenticationTest@35d019a3]" started-at="٢٠٢٥-٠٨-١٢T٠٣:٥٣:١٩ EEST" name="testAuthenticate" data-provider="auth" finished-at="٢٠٢٥-٠٨-١٢T٠٣:٥٣:١٩ EEST" duration-ms="3" status="PASS">
          <params>
            <param index="0">
              <value>
                <![CDATA[    ]]>
              </value>
            </param>
            <param index="1">
              <value>
                <![CDATA[password123]]>
              </value>
            </param>
          </params>
          <reporter-output>
          </reporter-output>
        </test-method> <!-- testAuthenticate -->
        <test-method signature="testAuthenticate(java.lang.String,java.lang.String)[pri:0, instance:TestNG_HWs.UserAuthenticationTest@35d019a3]" started-at="٢٠٢٥-٠٨-١٢T٠٣:٥٣:١٩ EEST" name="testAuthenticate" data-provider="auth" finished-at="٢٠٢٥-٠٨-١٢T٠٣:٥٣:١٩ EEST" duration-ms="3" status="PASS">
          <params>
            <param index="0">
              <value>
                <![CDATA[admin]]>
              </value>
            </param>
            <param index="1">
              <value>
                <![CDATA[           ]]>
              </value>
            </param>
          </params>
          <reporter-output>
          </reporter-output>
        </test-method> <!-- testAuthenticate -->
        <test-method signature="testAuthenticate(java.lang.String,java.lang.String)[pri:0, instance:TestNG_HWs.UserAuthenticationTest@35d019a3]" started-at="٢٠٢٥-٠٨-١٢T٠٣:٥٣:١٩ EEST" name="testAuthenticate" data-provider="auth" finished-at="٢٠٢٥-٠٨-١٢T٠٣:٥٣:١٩ EEST" duration-ms="2" status="PASS">
          <params>
            <param index="0">
              <value>
                <![CDATA[admin$$$$]]>
              </value>
            </param>
            <param index="1">
              <value>
                <![CDATA[Wrong User]]>
              </value>
            </param>
          </params>
          <reporter-output>
          </reporter-output>
        </test-method> <!-- testAuthenticate -->
        <test-method signature="testAuthenticate(java.lang.String,java.lang.String)[pri:0, instance:TestNG_HWs.UserAuthenticationTest@35d019a3]" started-at="٢٠٢٥-٠٨-١٢T٠٣:٥٣:١٩ EEST" name="testAuthenticate" data-provider="auth" finished-at="٢٠٢٥-٠٨-١٢T٠٣:٥٣:١٩ EEST" duration-ms="3" status="PASS">
          <params>
            <param index="0">
              <value>
                <![CDATA[admin]]>
              </value>
            </param>
            <param index="1">
              <value>
                <![CDATA[password123@@@@]]>
              </value>
            </param>
          </params>
          <reporter-output>
          </reporter-output>
        </test-method> <!-- testAuthenticate -->
        <test-method signature="testAuthenticate(java.lang.String,java.lang.String)[pri:0, instance:TestNG_HWs.UserAuthenticationTest@35d019a3]" started-at="٢٠٢٥-٠٨-١٢T٠٣:٥٣:١٩ EEST" name="testAuthenticate" data-provider="auth" finished-at="٢٠٢٥-٠٨-١٢T٠٣:٥٣:١٩ EEST" duration-ms="3" status="PASS">
          <params>
            <param index="0">
              <value>
                <![CDATA[admin]]>
              </value>
            </param>
            <param index="1">
              <value>
                <![CDATA[           Password123]]>
              </value>
            </param>
          </params>
          <reporter-output>
          </reporter-output>
        </test-method> <!-- testAuthenticate -->
        <test-method signature="testAuthenticate(java.lang.String,java.lang.String)[pri:0, instance:TestNG_HWs.UserAuthenticationTest@35d019a3]" started-at="٢٠٢٥-٠٨-١٢T٠٣:٥٣:١٩ EEST" name="testAuthenticate" data-provider="auth" finished-at="٢٠٢٥-٠٨-١٢T٠٣:٥٣:١٩ EEST" duration-ms="5" status="FAIL">
          <params>
            <param index="0">
              <value is-null="true"/>
            </param>
            <param index="1">
              <value is-null="true"/>
            </param>
          </params>
          <exception class="java.lang.NullPointerException">
            <message>
              <![CDATA[Cannot invoke "String.equals(Object)" because "username" is null]]>
            </message>
            <full-stacktrace>
              <![CDATA[java.lang.NullPointerException: Cannot invoke "String.equals(Object)" because "username" is null
at TestNG_HWs.UserAuthentication.authenticate(UserAuthentication.java:7)
at TestNG_HWs.UserAuthenticationTest.testAuthenticate(UserAuthenticationTest.java:16)
at java.base/jdk.internal.reflect.DirectMethodHandleAccessor.invoke(DirectMethodHandleAccessor.java:103)
at java.base/java.lang.reflect.Method.invoke(Method.java:580)
at org.testng.internal.invokers.MethodInvocationHelper.invokeMethod(MethodInvocationHelper.java:141)
at org.testng.internal.invokers.TestInvoker.invokeMethod(TestInvoker.java:687)
at org.testng.internal.invokers.TestInvoker.invokeTestMethod(TestInvoker.java:230)
at org.testng.internal.invokers.MethodRunner.runInSequence(MethodRunner.java:63)
at org.testng.internal.invokers.TestInvoker$MethodInvocationAgent.invoke(TestInvoker.java:995)
at org.testng.internal.invokers.TestInvoker.invokeTestMethods(TestInvoker.java:203)
at org.testng.internal.invokers.TestMethodWorker.invokeTestMethods(TestMethodWorker.java:154)
at org.testng.internal.invokers.TestMethodWorker.run(TestMethodWorker.java:134)
at java.base/java.util.ArrayList.forEach(ArrayList.java:1596)
at org.testng.TestRunner.privateRun(TestRunner.java:741)
at org.testng.TestRunner.run(TestRunner.java:616)
at org.testng.SuiteRunner.runTest(SuiteRunner.java:421)
at org.testng.SuiteRunner.runSequentially(SuiteRunner.java:413)
at org.testng.SuiteRunner.privateRun(SuiteRunner.java:373)
at org.testng.SuiteRunner.run(SuiteRunner.java:312)
at org.testng.SuiteRunnerWorker.runSuite(SuiteRunnerWorker.java:52)
at org.testng.SuiteRunnerWorker.run(SuiteRunnerWorker.java:95)
at org.testng.TestNG.runSuitesSequentially(TestNG.java:1274)
at org.testng.TestNG.runSuitesLocally(TestNG.java:1208)
at org.testng.TestNG.runSuites(TestNG.java:1112)
at org.testng.TestNG.run(TestNG.java:1079)
at org.testng.remote.AbstractRemoteTestNG.run(AbstractRemoteTestNG.java:115)
at org.testng.remote.RemoteTestNG.initAndRun(RemoteTestNG.java:293)
at org.testng.remote.RemoteTestNG.main(RemoteTestNG.java:91)
]]>
            </full-stacktrace>
          </exception> <!-- java.lang.NullPointerException -->
          <reporter-output>
          </reporter-output>
        </test-method> <!-- testAuthenticate -->
        <test-method signature="testAuthenticate(java.lang.String,java.lang.String)[pri:0, instance:TestNG_HWs.UserAuthenticationTest@35d019a3]" started-at="٢٠٢٥-٠٨-١٢T٠٣:٥٣:١٩ EEST" name="testAuthenticate" data-provider="auth" finished-at="٢٠٢٥-٠٨-١٢T٠٣:٥٣:١٩ EEST" duration-ms="3" status="FAIL">
          <params>
            <param index="0">
              <value is-null="true"/>
            </param>
            <param index="1">
              <value>
                <![CDATA[]]>
              </value>
            </param>
          </params>
          <exception class="java.lang.NullPointerException">
            <message>
              <![CDATA[Cannot invoke "String.equals(Object)" because "username" is null]]>
            </message>
            <full-stacktrace>
              <![CDATA[java.lang.NullPointerException: Cannot invoke "String.equals(Object)" because "username" is null
at TestNG_HWs.UserAuthentication.authenticate(UserAuthentication.java:7)
at TestNG_HWs.UserAuthenticationTest.testAuthenticate(UserAuthenticationTest.java:16)
at java.base/jdk.internal.reflect.DirectMethodHandleAccessor.invoke(DirectMethodHandleAccessor.java:103)
at java.base/java.lang.reflect.Method.invoke(Method.java:580)
at org.testng.internal.invokers.MethodInvocationHelper.invokeMethod(MethodInvocationHelper.java:141)
at org.testng.internal.invokers.TestInvoker.invokeMethod(TestInvoker.java:687)
at org.testng.internal.invokers.TestInvoker.invokeTestMethod(TestInvoker.java:230)
at org.testng.internal.invokers.MethodRunner.runInSequence(MethodRunner.java:63)
at org.testng.internal.invokers.TestInvoker$MethodInvocationAgent.invoke(TestInvoker.java:995)
at org.testng.internal.invokers.TestInvoker.invokeTestMethods(TestInvoker.java:203)
at org.testng.internal.invokers.TestMethodWorker.invokeTestMethods(TestMethodWorker.java:154)
at org.testng.internal.invokers.TestMethodWorker.run(TestMethodWorker.java:134)
at java.base/java.util.ArrayList.forEach(ArrayList.java:1596)
at org.testng.TestRunner.privateRun(TestRunner.java:741)
at org.testng.TestRunner.run(TestRunner.java:616)
at org.testng.SuiteRunner.runTest(SuiteRunner.java:421)
at org.testng.SuiteRunner.runSequentially(SuiteRunner.java:413)
at org.testng.SuiteRunner.privateRun(SuiteRunner.java:373)
at org.testng.SuiteRunner.run(SuiteRunner.java:312)
at org.testng.SuiteRunnerWorker.runSuite(SuiteRunnerWorker.java:52)
at org.testng.SuiteRunnerWorker.run(SuiteRunnerWorker.java:95)
at org.testng.TestNG.runSuitesSequentially(TestNG.java:1274)
at org.testng.TestNG.runSuitesLocally(TestNG.java:1208)
at org.testng.TestNG.runSuites(TestNG.java:1112)
at org.testng.TestNG.run(TestNG.java:1079)
at org.testng.remote.AbstractRemoteTestNG.run(AbstractRemoteTestNG.java:115)
at org.testng.remote.RemoteTestNG.initAndRun(RemoteTestNG.java:293)
at org.testng.remote.RemoteTestNG.main(RemoteTestNG.java:91)
]]>
            </full-stacktrace>
          </exception> <!-- java.lang.NullPointerException -->
          <reporter-output>
          </reporter-output>
        </test-method> <!-- testAuthenticate -->
      </class> <!-- TestNG_HWs.UserAuthenticationTest -->
    </test> <!-- Default test -->
  </suite> <!-- Default suite -->
</testng-results>
