<html>
<head>
<title>TestNG:  Test</title>
<link href="../testng.css" rel="stylesheet" type="text/css" />
<link href="../my-testng.css" rel="stylesheet" type="text/css" />

<style type="text/css">
.log { display: none;} 
.stack-trace { display: none;} 
</style>
<script type="text/javascript">
<!--
function flip(e) {
  current = e.style.display;
  if (current == 'block') {
    e.style.display = 'none';
    return 0;
  }
  else {
    e.style.display = 'block';
    return 1;
  }
}

function toggleBox(szDivId, elem, msg1, msg2)
{
  var res = -1;  if (document.getElementById) {
    res = flip(document.getElementById(szDivId));
  }
  else if (document.all) {
    // this is the way old msie versions work
    res = flip(document.all[szDivId]);
  }
  if(elem) {
    if(res == 0) elem.innerHTML = msg1; else elem.innerHTML = msg2;
  }

}

function toggleAllBoxes() {
  if (document.getElementsByTagName) {
    d = document.getElementsByTagName('div');
    for (i = 0; i < d.length; i++) {
      if (d[i].className == 'log') {
        flip(d[i]);
      }
    }
  }
}

// -->
</script>

</head>
<body>
<h2 align='center'>Test</h2><table border='1' align="center">
<tr>
<td>Tests passed/Failed/Skipped:</td><td>20/4/0</td>
</tr><tr>
<td>Started on:</td><td>Tue Aug 12 08:11:50 EEST 2025</td>
</tr>
<tr><td>Total time:</td><td>0 seconds (302 ms)</td>
</tr><tr>
<td>Included groups:</td><td></td>
</tr><tr>
<td>Excluded groups:</td><td></td>
</tr>
</table><p/>
<small><i>(Hover the method name to see the test class name)</i></small><p/>
<table width='100%' border='1' class='invocation-failed'>
<tr><td colspan='4' align='center'><b>FAILED TESTS</b></td></tr>
<tr><td><b>Test method</b></td>
<td><b>Attribute(s)</b></td>
<td width="30%"><b>Exception</b></td>
<td width="10%"><b>Time (seconds)</b></td>
<td><b>Instance</b></td>
</tr>
<tr>
<td title='TestNG_HWs.UserAuthenticationTest2.testAuthenticate()'><b>testAuthenticate</b><br>Test class: TestNG_HWs.UserAuthenticationTest2<br>Parameters: null, null</td>
<td><div><pre>java.lang.NullPointerException: Cannot invoke &quot;String.equals(Object)&quot; because &quot;username&quot; is null
	at TestNG_HWs.UserAuthentication.authenticate(UserAuthentication.java:7)
	at TestNG_HWs.UserAuthenticationTest2.testAuthenticate(UserAuthenticationTest2.java:17)
	at java.base/java.util.ArrayList.forEach(ArrayList.java:1596)
... Removed 25 stack frames</pre></div><a href='#' onClick='toggleBox("stack-trace212683148", this, "Click to show all stack frames", "Click to hide stack frames")'>Click to show all stack frames</a>
<div class='stack-trace' id='stack-trace212683148'><pre>java.lang.NullPointerException: Cannot invoke &quot;String.equals(Object)&quot; because &quot;username&quot; is null
	at TestNG_HWs.UserAuthentication.authenticate(UserAuthentication.java:7)
	at TestNG_HWs.UserAuthenticationTest2.testAuthenticate(UserAuthenticationTest2.java:17)
	at java.base/jdk.internal.reflect.DirectMethodHandleAccessor.invoke(DirectMethodHandleAccessor.java:103)
	at java.base/java.lang.reflect.Method.invoke(Method.java:580)
	at org.testng.internal.invokers.MethodInvocationHelper.invokeMethod(MethodInvocationHelper.java:141)
	at org.testng.internal.invokers.TestInvoker.invokeMethod(TestInvoker.java:687)
	at org.testng.internal.invokers.TestInvoker.invokeTestMethod(TestInvoker.java:230)
	at org.testng.internal.invokers.MethodRunner.runInSequence(MethodRunner.java:63)
	at org.testng.internal.invokers.TestInvoker$MethodInvocationAgent.invoke(TestInvoker.java:995)
	at org.testng.internal.invokers.TestInvoker.invokeTestMethods(TestInvoker.java:203)
	at org.testng.internal.invokers.TestMethodWorker.invokeTestMethods(TestMethodWorker.java:154)
	at org.testng.internal.invokers.TestMethodWorker.run(TestMethodWorker.java:134)
	at java.base/java.util.ArrayList.forEach(ArrayList.java:1596)
	at org.testng.TestRunner.privateRun(TestRunner.java:741)
	at org.testng.TestRunner.run(TestRunner.java:616)
	at org.testng.SuiteRunner.runTest(SuiteRunner.java:421)
	at org.testng.SuiteRunner.runSequentially(SuiteRunner.java:413)
	at org.testng.SuiteRunner.privateRun(SuiteRunner.java:373)
	at org.testng.SuiteRunner.run(SuiteRunner.java:312)
	at org.testng.SuiteRunnerWorker.runSuite(SuiteRunnerWorker.java:52)
	at org.testng.SuiteRunnerWorker.run(SuiteRunnerWorker.java:95)
	at org.testng.TestNG.runSuitesSequentially(TestNG.java:1274)
	at org.testng.TestNG.runSuitesLocally(TestNG.java:1208)
	at org.testng.TestNG.runSuites(TestNG.java:1112)
	at org.testng.TestNG.run(TestNG.java:1079)
	at org.testng.remote.AbstractRemoteTestNG.run(AbstractRemoteTestNG.java:115)
	at org.testng.remote.RemoteTestNG.initAndRun(RemoteTestNG.java:293)
	at org.testng.remote.RemoteTestNG.main(RemoteTestNG.java:91)
</pre></div></td>
<td>0</td>
<td>TestNG_HWs.UserAuthenticationTest2@4c371370</td></tr>
<tr>
<td title='TestNG_HWs.UserAuthenticationTest.testAuthenticate()'><b>testAuthenticate</b><br>Test class: TestNG_HWs.UserAuthenticationTest<br>Parameters: null, </td>
<td><div><pre>java.lang.NullPointerException: Cannot invoke &quot;String.equals(Object)&quot; because &quot;username&quot; is null
	at TestNG_HWs.UserAuthentication.authenticate(UserAuthentication.java:7)
	at TestNG_HWs.UserAuthenticationTest.testAuthenticate(UserAuthenticationTest.java:17)
	at java.base/java.util.ArrayList.forEach(ArrayList.java:1596)
... Removed 25 stack frames</pre></div><a href='#' onClick='toggleBox("stack-trace1728579441", this, "Click to show all stack frames", "Click to hide stack frames")'>Click to show all stack frames</a>
<div class='stack-trace' id='stack-trace1728579441'><pre>java.lang.NullPointerException: Cannot invoke &quot;String.equals(Object)&quot; because &quot;username&quot; is null
	at TestNG_HWs.UserAuthentication.authenticate(UserAuthentication.java:7)
	at TestNG_HWs.UserAuthenticationTest.testAuthenticate(UserAuthenticationTest.java:17)
	at java.base/jdk.internal.reflect.DirectMethodHandleAccessor.invoke(DirectMethodHandleAccessor.java:103)
	at java.base/java.lang.reflect.Method.invoke(Method.java:580)
	at org.testng.internal.invokers.MethodInvocationHelper.invokeMethod(MethodInvocationHelper.java:141)
	at org.testng.internal.invokers.TestInvoker.invokeMethod(TestInvoker.java:687)
	at org.testng.internal.invokers.TestInvoker.invokeTestMethod(TestInvoker.java:230)
	at org.testng.internal.invokers.MethodRunner.runInSequence(MethodRunner.java:63)
	at org.testng.internal.invokers.TestInvoker$MethodInvocationAgent.invoke(TestInvoker.java:995)
	at org.testng.internal.invokers.TestInvoker.invokeTestMethods(TestInvoker.java:203)
	at org.testng.internal.invokers.TestMethodWorker.invokeTestMethods(TestMethodWorker.java:154)
	at org.testng.internal.invokers.TestMethodWorker.run(TestMethodWorker.java:134)
	at java.base/java.util.ArrayList.forEach(ArrayList.java:1596)
	at org.testng.TestRunner.privateRun(TestRunner.java:741)
	at org.testng.TestRunner.run(TestRunner.java:616)
	at org.testng.SuiteRunner.runTest(SuiteRunner.java:421)
	at org.testng.SuiteRunner.runSequentially(SuiteRunner.java:413)
	at org.testng.SuiteRunner.privateRun(SuiteRunner.java:373)
	at org.testng.SuiteRunner.run(SuiteRunner.java:312)
	at org.testng.SuiteRunnerWorker.runSuite(SuiteRunnerWorker.java:52)
	at org.testng.SuiteRunnerWorker.run(SuiteRunnerWorker.java:95)
	at org.testng.TestNG.runSuitesSequentially(TestNG.java:1274)
	at org.testng.TestNG.runSuitesLocally(TestNG.java:1208)
	at org.testng.TestNG.runSuites(TestNG.java:1112)
	at org.testng.TestNG.run(TestNG.java:1079)
	at org.testng.remote.AbstractRemoteTestNG.run(AbstractRemoteTestNG.java:115)
	at org.testng.remote.RemoteTestNG.initAndRun(RemoteTestNG.java:293)
	at org.testng.remote.RemoteTestNG.main(RemoteTestNG.java:91)
</pre></div></td>
<td>0</td>
<td>TestNG_HWs.UserAuthenticationTest@49e53c76</td></tr>
<tr>
<td title='TestNG_HWs.UserAuthenticationTest2.testAuthenticate()'><b>testAuthenticate</b><br>Test class: TestNG_HWs.UserAuthenticationTest2<br>Parameters: null, </td>
<td><div><pre>java.lang.NullPointerException: Cannot invoke &quot;String.equals(Object)&quot; because &quot;username&quot; is null
	at TestNG_HWs.UserAuthentication.authenticate(UserAuthentication.java:7)
	at TestNG_HWs.UserAuthenticationTest2.testAuthenticate(UserAuthenticationTest2.java:17)
	at java.base/java.util.ArrayList.forEach(ArrayList.java:1596)
... Removed 25 stack frames</pre></div><a href='#' onClick='toggleBox("stack-trace718068661", this, "Click to show all stack frames", "Click to hide stack frames")'>Click to show all stack frames</a>
<div class='stack-trace' id='stack-trace718068661'><pre>java.lang.NullPointerException: Cannot invoke &quot;String.equals(Object)&quot; because &quot;username&quot; is null
	at TestNG_HWs.UserAuthentication.authenticate(UserAuthentication.java:7)
	at TestNG_HWs.UserAuthenticationTest2.testAuthenticate(UserAuthenticationTest2.java:17)
	at java.base/jdk.internal.reflect.DirectMethodHandleAccessor.invoke(DirectMethodHandleAccessor.java:103)
	at java.base/java.lang.reflect.Method.invoke(Method.java:580)
	at org.testng.internal.invokers.MethodInvocationHelper.invokeMethod(MethodInvocationHelper.java:141)
	at org.testng.internal.invokers.TestInvoker.invokeMethod(TestInvoker.java:687)
	at org.testng.internal.invokers.TestInvoker.invokeTestMethod(TestInvoker.java:230)
	at org.testng.internal.invokers.MethodRunner.runInSequence(MethodRunner.java:63)
	at org.testng.internal.invokers.TestInvoker$MethodInvocationAgent.invoke(TestInvoker.java:995)
	at org.testng.internal.invokers.TestInvoker.invokeTestMethods(TestInvoker.java:203)
	at org.testng.internal.invokers.TestMethodWorker.invokeTestMethods(TestMethodWorker.java:154)
	at org.testng.internal.invokers.TestMethodWorker.run(TestMethodWorker.java:134)
	at java.base/java.util.ArrayList.forEach(ArrayList.java:1596)
	at org.testng.TestRunner.privateRun(TestRunner.java:741)
	at org.testng.TestRunner.run(TestRunner.java:616)
	at org.testng.SuiteRunner.runTest(SuiteRunner.java:421)
	at org.testng.SuiteRunner.runSequentially(SuiteRunner.java:413)
	at org.testng.SuiteRunner.privateRun(SuiteRunner.java:373)
	at org.testng.SuiteRunner.run(SuiteRunner.java:312)
	at org.testng.SuiteRunnerWorker.runSuite(SuiteRunnerWorker.java:52)
	at org.testng.SuiteRunnerWorker.run(SuiteRunnerWorker.java:95)
	at org.testng.TestNG.runSuitesSequentially(TestNG.java:1274)
	at org.testng.TestNG.runSuitesLocally(TestNG.java:1208)
	at org.testng.TestNG.runSuites(TestNG.java:1112)
	at org.testng.TestNG.run(TestNG.java:1079)
	at org.testng.remote.AbstractRemoteTestNG.run(AbstractRemoteTestNG.java:115)
	at org.testng.remote.RemoteTestNG.initAndRun(RemoteTestNG.java:293)
	at org.testng.remote.RemoteTestNG.main(RemoteTestNG.java:91)
</pre></div></td>
<td>0</td>
<td>TestNG_HWs.UserAuthenticationTest2@4c371370</td></tr>
<tr>
<td title='TestNG_HWs.UserAuthenticationTest.testAuthenticate()'><b>testAuthenticate</b><br>Test class: TestNG_HWs.UserAuthenticationTest<br>Parameters: null, null</td>
<td><div><pre>java.lang.NullPointerException: Cannot invoke &quot;String.equals(Object)&quot; because &quot;username&quot; is null
	at TestNG_HWs.UserAuthentication.authenticate(UserAuthentication.java:7)
	at TestNG_HWs.UserAuthenticationTest.testAuthenticate(UserAuthenticationTest.java:17)
	at java.base/java.util.ArrayList.forEach(ArrayList.java:1596)
... Removed 25 stack frames</pre></div><a href='#' onClick='toggleBox("stack-trace2044366277", this, "Click to show all stack frames", "Click to hide stack frames")'>Click to show all stack frames</a>
<div class='stack-trace' id='stack-trace2044366277'><pre>java.lang.NullPointerException: Cannot invoke &quot;String.equals(Object)&quot; because &quot;username&quot; is null
	at TestNG_HWs.UserAuthentication.authenticate(UserAuthentication.java:7)
	at TestNG_HWs.UserAuthenticationTest.testAuthenticate(UserAuthenticationTest.java:17)
	at java.base/jdk.internal.reflect.DirectMethodHandleAccessor.invoke(DirectMethodHandleAccessor.java:103)
	at java.base/java.lang.reflect.Method.invoke(Method.java:580)
	at org.testng.internal.invokers.MethodInvocationHelper.invokeMethod(MethodInvocationHelper.java:141)
	at org.testng.internal.invokers.TestInvoker.invokeMethod(TestInvoker.java:687)
	at org.testng.internal.invokers.TestInvoker.invokeTestMethod(TestInvoker.java:230)
	at org.testng.internal.invokers.MethodRunner.runInSequence(MethodRunner.java:63)
	at org.testng.internal.invokers.TestInvoker$MethodInvocationAgent.invoke(TestInvoker.java:995)
	at org.testng.internal.invokers.TestInvoker.invokeTestMethods(TestInvoker.java:203)
	at org.testng.internal.invokers.TestMethodWorker.invokeTestMethods(TestMethodWorker.java:154)
	at org.testng.internal.invokers.TestMethodWorker.run(TestMethodWorker.java:134)
	at java.base/java.util.ArrayList.forEach(ArrayList.java:1596)
	at org.testng.TestRunner.privateRun(TestRunner.java:741)
	at org.testng.TestRunner.run(TestRunner.java:616)
	at org.testng.SuiteRunner.runTest(SuiteRunner.java:421)
	at org.testng.SuiteRunner.runSequentially(SuiteRunner.java:413)
	at org.testng.SuiteRunner.privateRun(SuiteRunner.java:373)
	at org.testng.SuiteRunner.run(SuiteRunner.java:312)
	at org.testng.SuiteRunnerWorker.runSuite(SuiteRunnerWorker.java:52)
	at org.testng.SuiteRunnerWorker.run(SuiteRunnerWorker.java:95)
	at org.testng.TestNG.runSuitesSequentially(TestNG.java:1274)
	at org.testng.TestNG.runSuitesLocally(TestNG.java:1208)
	at org.testng.TestNG.runSuites(TestNG.java:1112)
	at org.testng.TestNG.run(TestNG.java:1079)
	at org.testng.remote.AbstractRemoteTestNG.run(AbstractRemoteTestNG.java:115)
	at org.testng.remote.RemoteTestNG.initAndRun(RemoteTestNG.java:293)
	at org.testng.remote.RemoteTestNG.main(RemoteTestNG.java:91)
</pre></div></td>
<td>0</td>
<td>TestNG_HWs.UserAuthenticationTest@49e53c76</td></tr>
</table><p>
<table width='100%' border='1' class='invocation-passed'>
<tr><td colspan='4' align='center'><b>PASSED TESTS</b></td></tr>
<tr><td><b>Test method</b></td>
<td><b>Attribute(s)</b></td>
<td width="30%"><b>Exception</b></td>
<td width="10%"><b>Time (seconds)</b></td>
<td><b>Instance</b></td>
</tr>
<tr>
<td title='TestNG_HWs.UserAuthenticationTest.testAuthenticate()'><b>testAuthenticate</b><br>Test class: TestNG_HWs.UserAuthenticationTest<br>Parameters: ADMIN, PASSWORD123<br/>
<a href="#Output-1047460013" onClick='toggleBox("Output-1047460013", this, "Show output", "Hide output");'>Show output</a>

<a href="#Output-1047460013" onClick="toggleAllBoxes();">Show all outputs</a>
<div class='log' id="Output-1047460013">
Test 1 for authentication<br/>
</div>
</td>
<td></td>
<td>0</td>
<td>TestNG_HWs.UserAuthenticationTest@49e53c76</td></tr>
<tr>
<td title='TestNG_HWs.UserAuthenticationTest2.testAuthenticate()'><b>testAuthenticate</b><br>Test class: TestNG_HWs.UserAuthenticationTest2<br>Parameters: admin$$$$, Wrong User<br/>
<a href="#Output-302977067" onClick='toggleBox("Output-302977067", this, "Show output", "Hide output");'>Show output</a>

<a href="#Output-302977067" onClick="toggleAllBoxes();">Show all outputs</a>
<div class='log' id="Output-302977067">
Test 2 for authentication<br/>
</div>
</td>
<td></td>
<td>0</td>
<td>TestNG_HWs.UserAuthenticationTest2@4c371370</td></tr>
<tr>
<td title='TestNG_HWs.UserAuthenticationTest.testAuthenticate()'><b>testAuthenticate</b><br>Test class: TestNG_HWs.UserAuthenticationTest<br>Parameters: abood masood, 123pass<br/>
<a href="#Output-1710265848" onClick='toggleBox("Output-1710265848", this, "Show output", "Hide output");'>Show output</a>

<a href="#Output-1710265848" onClick="toggleAllBoxes();">Show all outputs</a>
<div class='log' id="Output-1710265848">
Test 1 for authentication<br/>
</div>
</td>
<td></td>
<td>0</td>
<td>TestNG_HWs.UserAuthenticationTest@49e53c76</td></tr>
<tr>
<td title='TestNG_HWs.UserAuthenticationTest.testAuthenticate()'><b>testAuthenticate</b><br>Test class: TestNG_HWs.UserAuthenticationTest<br>Parameters: admin, password123@@@@<br/>
<a href="#Output-1025309396" onClick='toggleBox("Output-1025309396", this, "Show output", "Hide output");'>Show output</a>

<a href="#Output-1025309396" onClick="toggleAllBoxes();">Show all outputs</a>
<div class='log' id="Output-1025309396">
Test 1 for authentication<br/>
</div>
</td>
<td></td>
<td>0</td>
<td>TestNG_HWs.UserAuthenticationTest@49e53c76</td></tr>
<tr>
<td title='TestNG_HWs.UserAuthenticationTest2.testAuthenticate()'><b>testAuthenticate</b><br>Test class: TestNG_HWs.UserAuthenticationTest2<br>Parameters: admin, password123<br/>
<a href="#Output-1229202732" onClick='toggleBox("Output-1229202732", this, "Show output", "Hide output");'>Show output</a>

<a href="#Output-1229202732" onClick="toggleAllBoxes();">Show all outputs</a>
<div class='log' id="Output-1229202732">
Test 2 for authentication<br/>
</div>
</td>
<td></td>
<td>0</td>
<td>TestNG_HWs.UserAuthenticationTest2@4c371370</td></tr>
<tr>
<td title='TestNG_HWs.UserAuthenticationTest.testAuthenticate()'><b>testAuthenticate</b><br>Test class: TestNG_HWs.UserAuthenticationTest<br>Parameters: muhammed siam, 6678<br/>
<a href="#Output-1504642150" onClick='toggleBox("Output-1504642150", this, "Show output", "Hide output");'>Show output</a>

<a href="#Output-1504642150" onClick="toggleAllBoxes();">Show all outputs</a>
<div class='log' id="Output-1504642150">
Test 1 for authentication<br/>
</div>
</td>
<td></td>
<td>0</td>
<td>TestNG_HWs.UserAuthenticationTest@49e53c76</td></tr>
<tr>
<td title='TestNG_HWs.UserAuthenticationTest2.testAuthenticate()'><b>testAuthenticate</b><br>Test class: TestNG_HWs.UserAuthenticationTest2<br>Parameters: abood masood, 123pass<br/>
<a href="#Output-171802996" onClick='toggleBox("Output-171802996", this, "Show output", "Hide output");'>Show output</a>

<a href="#Output-171802996" onClick="toggleAllBoxes();">Show all outputs</a>
<div class='log' id="Output-171802996">
Test 2 for authentication<br/>
</div>
</td>
<td></td>
<td>0</td>
<td>TestNG_HWs.UserAuthenticationTest2@4c371370</td></tr>
<tr>
<td title='TestNG_HWs.UserAuthenticationTest.testAuthenticate()'><b>testAuthenticate</b><br>Test class: TestNG_HWs.UserAuthenticationTest<br>Parameters: admin,            <br/>
<a href="#Output-1431530910" onClick='toggleBox("Output-1431530910", this, "Show output", "Hide output");'>Show output</a>

<a href="#Output-1431530910" onClick="toggleAllBoxes();">Show all outputs</a>
<div class='log' id="Output-1431530910">
Test 1 for authentication<br/>
</div>
</td>
<td></td>
<td>0</td>
<td>TestNG_HWs.UserAuthenticationTest@49e53c76</td></tr>
<tr>
<td title='TestNG_HWs.UserAuthenticationTest.testAuthenticate()'><b>testAuthenticate</b><br>Test class: TestNG_HWs.UserAuthenticationTest<br>Parameters: momen mushtaha, passw<br/>
<a href="#Output-888655833" onClick='toggleBox("Output-888655833", this, "Show output", "Hide output");'>Show output</a>

<a href="#Output-888655833" onClick="toggleAllBoxes();">Show all outputs</a>
<div class='log' id="Output-888655833">
Test 1 for authentication<br/>
</div>
</td>
<td></td>
<td>0</td>
<td>TestNG_HWs.UserAuthenticationTest@49e53c76</td></tr>
<tr>
<td title='TestNG_HWs.UserAuthenticationTest2.testAuthenticate()'><b>testAuthenticate</b><br>Test class: TestNG_HWs.UserAuthenticationTest2<br>Parameters: ADMIN, PASSWORD123<br/>
<a href="#Output-1932274274" onClick='toggleBox("Output-1932274274", this, "Show output", "Hide output");'>Show output</a>

<a href="#Output-1932274274" onClick="toggleAllBoxes();">Show all outputs</a>
<div class='log' id="Output-1932274274">
Test 2 for authentication<br/>
</div>
</td>
<td></td>
<td>0</td>
<td>TestNG_HWs.UserAuthenticationTest2@4c371370</td></tr>
<tr>
<td title='TestNG_HWs.UserAuthenticationTest2.testAuthenticate()'><b>testAuthenticate</b><br>Test class: TestNG_HWs.UserAuthenticationTest2<br>Parameters: admin, password123@@@@<br/>
<a href="#Output-6444850" onClick='toggleBox("Output-6444850", this, "Show output", "Hide output");'>Show output</a>

<a href="#Output-6444850" onClick="toggleAllBoxes();">Show all outputs</a>
<div class='log' id="Output-6444850">
Test 2 for authentication<br/>
</div>
</td>
<td></td>
<td>0</td>
<td>TestNG_HWs.UserAuthenticationTest2@4c371370</td></tr>
<tr>
<td title='TestNG_HWs.UserAuthenticationTest.testAuthenticate()'><b>testAuthenticate</b><br>Test class: TestNG_HWs.UserAuthenticationTest<br>Parameters:     , password123<br/>
<a href="#Output-879583678" onClick='toggleBox("Output-879583678", this, "Show output", "Hide output");'>Show output</a>

<a href="#Output-879583678" onClick="toggleAllBoxes();">Show all outputs</a>
<div class='log' id="Output-879583678">
Test 1 for authentication<br/>
</div>
</td>
<td></td>
<td>0</td>
<td>TestNG_HWs.UserAuthenticationTest@49e53c76</td></tr>
<tr>
<td title='TestNG_HWs.UserAuthenticationTest.testAuthenticate()'><b>testAuthenticate</b><br>Test class: TestNG_HWs.UserAuthenticationTest<br>Parameters: admin, password123<br/>
<a href="#Output-980138431" onClick='toggleBox("Output-980138431", this, "Show output", "Hide output");'>Show output</a>

<a href="#Output-980138431" onClick="toggleAllBoxes();">Show all outputs</a>
<div class='log' id="Output-980138431">
Test 1 for authentication<br/>
</div>
</td>
<td></td>
<td>0</td>
<td>TestNG_HWs.UserAuthenticationTest@49e53c76</td></tr>
<tr>
<td title='TestNG_HWs.UserAuthenticationTest2.testAuthenticate()'><b>testAuthenticate</b><br>Test class: TestNG_HWs.UserAuthenticationTest2<br>Parameters: momen mushtaha, passw<br/>
<a href="#Output-1149377174" onClick='toggleBox("Output-1149377174", this, "Show output", "Hide output");'>Show output</a>

<a href="#Output-1149377174" onClick="toggleAllBoxes();">Show all outputs</a>
<div class='log' id="Output-1149377174">
Test 2 for authentication<br/>
</div>
</td>
<td></td>
<td>0</td>
<td>TestNG_HWs.UserAuthenticationTest2@4c371370</td></tr>
<tr>
<td title='TestNG_HWs.UserAuthenticationTest2.testAuthenticate()'><b>testAuthenticate</b><br>Test class: TestNG_HWs.UserAuthenticationTest2<br>Parameters:     , password123<br/>
<a href="#Output-657381435" onClick='toggleBox("Output-657381435", this, "Show output", "Hide output");'>Show output</a>

<a href="#Output-657381435" onClick="toggleAllBoxes();">Show all outputs</a>
<div class='log' id="Output-657381435">
Test 2 for authentication<br/>
</div>
</td>
<td></td>
<td>0</td>
<td>TestNG_HWs.UserAuthenticationTest2@4c371370</td></tr>
<tr>
<td title='TestNG_HWs.UserAuthenticationTest2.testAuthenticate()'><b>testAuthenticate</b><br>Test class: TestNG_HWs.UserAuthenticationTest2<br>Parameters: admin,            <br/>
<a href="#Output-1107217291" onClick='toggleBox("Output-1107217291", this, "Show output", "Hide output");'>Show output</a>

<a href="#Output-1107217291" onClick="toggleAllBoxes();">Show all outputs</a>
<div class='log' id="Output-1107217291">
Test 2 for authentication<br/>
</div>
</td>
<td></td>
<td>0</td>
<td>TestNG_HWs.UserAuthenticationTest2@4c371370</td></tr>
<tr>
<td title='TestNG_HWs.UserAuthenticationTest2.testAuthenticate()'><b>testAuthenticate</b><br>Test class: TestNG_HWs.UserAuthenticationTest2<br>Parameters: muhammed siam, 6678<br/>
<a href="#Output-464064894" onClick='toggleBox("Output-464064894", this, "Show output", "Hide output");'>Show output</a>

<a href="#Output-464064894" onClick="toggleAllBoxes();">Show all outputs</a>
<div class='log' id="Output-464064894">
Test 2 for authentication<br/>
</div>
</td>
<td></td>
<td>0</td>
<td>TestNG_HWs.UserAuthenticationTest2@4c371370</td></tr>
<tr>
<td title='TestNG_HWs.UserAuthenticationTest.testAuthenticate()'><b>testAuthenticate</b><br>Test class: TestNG_HWs.UserAuthenticationTest<br>Parameters: admin$$$$, Wrong User<br/>
<a href="#Output-1954471782" onClick='toggleBox("Output-1954471782", this, "Show output", "Hide output");'>Show output</a>

<a href="#Output-1954471782" onClick="toggleAllBoxes();">Show all outputs</a>
<div class='log' id="Output-1954471782">
Test 1 for authentication<br/>
</div>
</td>
<td></td>
<td>0</td>
<td>TestNG_HWs.UserAuthenticationTest@49e53c76</td></tr>
<tr>
<td title='TestNG_HWs.UserAuthenticationTest2.testAuthenticate()'><b>testAuthenticate</b><br>Test class: TestNG_HWs.UserAuthenticationTest2<br>Parameters: admin,            Password123<br/>
<a href="#Output-1373419525" onClick='toggleBox("Output-1373419525", this, "Show output", "Hide output");'>Show output</a>

<a href="#Output-1373419525" onClick="toggleAllBoxes();">Show all outputs</a>
<div class='log' id="Output-1373419525">
Test 2 for authentication<br/>
</div>
</td>
<td></td>
<td>0</td>
<td>TestNG_HWs.UserAuthenticationTest2@4c371370</td></tr>
<tr>
<td title='TestNG_HWs.UserAuthenticationTest.testAuthenticate()'><b>testAuthenticate</b><br>Test class: TestNG_HWs.UserAuthenticationTest<br>Parameters: admin,            Password123<br/>
<a href="#Output-1646464088" onClick='toggleBox("Output-1646464088", this, "Show output", "Hide output");'>Show output</a>

<a href="#Output-1646464088" onClick="toggleAllBoxes();">Show all outputs</a>
<div class='log' id="Output-1646464088">
Test 1 for authentication<br/>
</div>
</td>
<td></td>
<td>0</td>
<td>TestNG_HWs.UserAuthenticationTest@49e53c76</td></tr>
</table><p>
</body>
</html>